d:\c++\remezalgorithmconsole\remezalgorithmconsole\x64\debug\vc143.pdb
d:\c++\remezalgorithmconsole\remezalgorithmconsole\x64\debug\vc143.idb
d:\c++\remezalgorithmconsole\remezalgorithmconsole\x64\debug\toms748algorithm.obj
d:\c++\remezalgorithmconsole\remezalgorithmconsole\x64\debug\remezalgorithmconsole.obj
d:\c++\remezalgorithmconsole\remezalgorithmconsole\x64\debug\remez.obj
d:\c++\remezalgorithmconsole\remezalgorithmconsole\x64\debug\lup.obj
d:\c++\remezalgorithmconsole\remezalgorithmconsole\x64\debug\funccontainer.obj
d:\c++\remezalgorithmconsole\remezalgorithmconsole\x64\debug\fraction.obj
d:\c++\remezalgorithmconsole\remezalgorithmconsole\x64\debug\errorfunc.obj
d:\c++\remezalgorithmconsole\remezalgorithmconsole\x64\debug\doublefunc.obj
d:\c++\remezalgorithmconsole\remezalgorithmconsole\x64\debug\brentmethodextrema.obj
d:\c++\remezalgorithmconsole\remezalgorithmconsole\x64\debug\remezalgorithmconsole.ilk
d:\c++\remezalgorithmconsole\x64\debug\remezalgorithmconsole.exe
d:\c++\remezalgorithmconsole\x64\debug\remezalgorithmconsole.pdb
d:\c++\remezalgorithmconsole\remezalgorithmconsole\x64\debug\remezalg.1046d775.tlog\cl.command.1.tlog
d:\c++\remezalgorithmconsole\remezalgorithmconsole\x64\debug\remezalg.1046d775.tlog\cl.read.1.tlog
d:\c++\remezalgorithmconsole\remezalgorithmconsole\x64\debug\remezalg.1046d775.tlog\cl.write.1.tlog
d:\c++\remezalgorithmconsole\remezalgorithmconsole\x64\debug\remezalg.1046d775.tlog\link.command.1.tlog
d:\c++\remezalgorithmconsole\remezalgorithmconsole\x64\debug\remezalg.1046d775.tlog\link.read.1.tlog
d:\c++\remezalgorithmconsole\remezalgorithmconsole\x64\debug\remezalg.1046d775.tlog\link.write.1.tlog
